<?xml version="1.0" encoding="utf-8"?><testsuites><testsuite name="pytest" errors="0" failures="0" skipped="0" tests="19" time="11.192" timestamp="2025-04-26T03:03:47.528422" hostname="HUAWEI"><testcase classname="tests.test_app" name="test_prepopulate_attendance" time="0.025" /><testcase classname="tests.test_app" name="test_hash_password" time="0.553" /><testcase classname="tests.test_app" name="test_check_password" time="0.786" /><testcase classname="tests.test_app" name="test_login_success" time="0.624" /><testcase classname="tests.test_app" name="test_login_failure" time="0.283" /><testcase classname="tests.test_app" name="test_logout" time="0.548" /><testcase classname="tests.test_app" name="test_protected_routes" time="0.290" /><testcase classname="tests.test_app" name="test_index_route" time="0.552" /><testcase classname="tests.test_app" name="test_attendance_report" time="0.615" /><testcase classname="tests.test_app" name="test_student_lookup" time="0.575" /><testcase classname="tests.test_app" name="test_face_registration_flow" time="0.565" /><testcase classname="tests.test_app" name="test_invalid_routes" time="0.283" /><testcase classname="tests.test_app" name="test_database_error_handling" time="0.547" /><testcase classname="tests.test_attendance_taker" name="test_get_face_database" time="0.015" /><testcase classname="tests.test_features_extraction" name="test_return_128d_features" time="0.014" /><testcase classname="tests.test_features_extraction" name="test_return_features_mean_personX" time="0.008" /><testcase classname="tests.test_features_extraction" name="test_main" time="0.006" /><testcase classname="tests.test_features_extraction" name="test_no_face_detection" time="0.015" /><testcase classname="tests.test_features_extraction" name="test_empty_person_directory" time="0.004" /></testsuite></testsuites>